<?xml version="1.0" encoding="UTF-8"?>
<!-- Generated by org.testng.reporters.JUnitReportReporter -->
<testsuite hostname="LAPTOP-B4D5EA3E" failures="0" tests="2" name="com.project1.qa.testcases.Search" time="4.120" errors="0" timestamp="2023-05-01T01:07:52 IST" skipped="0">
  <testcase classname="com.project1.qa.testcases.Search" name="verifySearchWithValidProduct" time="2.088"/>
  <system-out/>
  <testcase classname="com.project1.qa.testcases.Search" name="VerifySearchWithInvalidProduct" time="2.032"/>
  <system-out/>
</testsuite> <!-- com.project1.qa.testcases.Search -->
