<?xml version="1.0" encoding="UTF-8"?>
<!-- Generated by org.testng.reporters.JUnitReportReporter -->
<testsuite hostname="LAPTOP-B4D5EA3E" failures="0" tests="4" name="com.project1.qa.testcases.Register" time="12.709" errors="0" timestamp="2023-05-01T01:07:52 IST" skipped="0">
  <testcase classname="com.project1.qa.testcases.Register" name="VerifyRegisteringAccountByProvidingAllFields" time="3.063"/>
  <system-out/>
  <testcase classname="com.project1.qa.testcases.Register" name="AccountRegistrationWithMandatoryFields" time="3.069"/>
  <system-out/>
  <testcase classname="com.project1.qa.testcases.Register" name="VerifyResgisterAccountWithExistingEMailAddress" time="2.910"/>
  <system-out/>
  <testcase classname="com.project1.qa.testcases.Register" name="verifyRegisteringAccountWithoutFillingDetails" time="3.667"/>
  <system-out/>
</testsuite> <!-- com.project1.qa.testcases.Register -->
